Picked up _JAVA_OPTIONS:  -XX:+ExitOnOutOfMemoryError -XX:OnOutOfMemoryError="touch /home/Trainee23/project/verisium_debug_logs/out_of_memory_error" 
CompilerOracle: exclude javax/swing/text/GlyphView.getBreakSpot
CompilerOracle: exclude javax/swing/text/GlyphView.getBreakSpot
Loading libdac.so from /usr/cadence/installs/VERISIUMDEBUG2409/tools/lib/64bit/libdac.so


in 'SimConnect::_simcontrolConnect' overlay db = null, overlayH = 0, is valid = false, operation = dapOpen, duFilename = null, isLiveSim = true
in 'JDACTBDataProvider::notifyLiveConnectionDB', sessionId = 0


**** found lwd dir to be: /home/Trainee23/project/xcelium.d/worklib/alu_testbench/sv



**** found cdslib to be: /home/Trainee23/project/xcelium.d/run.d/cds.lib

in 'JDACTBDataProvider::notifyLiveConnectionDB', 'dbH' represents 'simulator' db.
PPEAttributes values:
    isAutofetch = false
    isPersistentSources = false
    isXprop = false
    cdslib = /home/Trainee23/project/xcelium.d/run.d/cds.lib
    snapshot = worklib.alu_testbench:sv
    workdir = /home/Trainee23/project
    xceliumDir = /home/Trainee23/project/xcelium.d
    rundDir = /home/Trainee23/project/xcelium.d/run.d
    bits = 64
    cds_implicit_tmpdir = 
    cds_alternate_tmpdir = 
    du_agent = 
    lwddir = /home/Trainee23/project/xcelium.d/worklib/alu_testbench/sv
    cds_alternate_cdslib = 
    elab_options = 
    found = true
    nclsRun = false
    includeCdslib = true
    nclsOpts =  -snapshot -cdslib /home/Trainee23/project/xcelium.d/run.d/cds.lib -64
    isMceMode = false
    isMceInvolved = false
    mceLshmDbPath = 
    lowPowerInformationAvailable = false
    hasLshmFile = false
    workdirIsDirectory = true
    hasOverlayRelatedInformation = true
    cds_implicit_tmplib = 
    cds_other_implicit_tmplibs = 


Dump DB Order:
Strap design: simulator #8

End of dump DB Order


### Excluding compile: javax.swing.text.GlyphView::getBreakSpot


GOT COMMAND: 



Scripting Service started, listening on port 38103...


in 'JDACTBDataProvider::openDBInner', dbPath = /home/Trainee23/project/ida.db/ida.shm, getExplicitLwdFlag() = null


**** found lwd dir to be: /home/Trainee23/project/xcelium.d/worklib/alu_testbench/sv



**** found cdslib to be: /home/Trainee23/project/xcelium.d/run.d/cds.lib

in 'SimConnect::loadSnapshotHelper', database handle 'ida' is already associated with the design. skipping process creation.

Dump DB Order:
Strap design: simulator #8
 --> ida, path = /home/Trainee23/project/ida.db/ida.shm/ida.dsn, type = 4, #572

End of dump DB Order


in 'JDACTBDataProvider::openDBInner', dbPath = ida.db/ida.shm, getExplicitLwdFlag() = null
in 'SimConnect::loadSnapshotHelper', database handle 'ida' is already associated with the design. skipping process creation.

Dump DB Order:
Strap design: simulator #8
 --> ida, path = /home/Trainee23/project/ida.db/ida.shm/ida.dsn, type = 4, #572

End of dump DB Order


*** shutting down gRPC server since JVM is shutting down
*** server shut down
