19:31:19:3119 [important] [FelixStartLevel] WARN  - InfoSource version is empty in getMajorMinorVersion()
19:31:19:3119 [important] [FelixStartLevel] WARN  - InfoSource version not found!! skipping relevant version checks
19:31:19:3119 [important] [FelixStartLevel] INFO  - xmsim gcc version is 9.3.0
19:31:19:3119 [important] [FelixStartLevel] INFO  - indago gcc version is 9.3.0
19:31:19:3119 [important] [TangoTaskManager-3] WARN  - An Indago Snapshot/LWD was not loaded. Scripting API functionality may be impacted.
19:31:20:3120 [com.cadence.smartlog.bl.common.SLUtils] [TangoTaskManager-5] INFO  - query: 
19:31:32:3132 [user_actions] [AWT-EventQueue-0] DEBUG - refreshSchematicAttributes (SchematicActionsManager$24)

19:31:33:3133 [user_actions] [AWT-EventQueue-0] DEBUG - LiveSimulationRefreshWaveform (GSLLiveSimulationRefreshWaveformAction)

19:31:33:3133 [user_actions] [AWT-EventQueue-0] DEBUG - LiveSimulationRefreshWaveform (GSLLiveSimulationRefreshWaveformAction)

19:31:33:3133 [user_actions] [AWT-EventQueue-0] DEBUG - LiveSimulationRefreshWaveform (GSLLiveSimulationRefreshWaveformAction)

19:31:37:3137 [user_actions] [AWT-EventQueue-0] DEBUG - Keep current (GUFIQuestionDialog$1)
	dialog = restoreLayoutsDialog (GUFIQuestionDialog)

19:31:38:3138 [important] [TangoTaskManager-3] INFO  - ScriptingActivator while loop has finished
19:31:39:3139 [user_actions] [AWT-EventQueue-0] DEBUG - refreshSchematicAttributes (SchematicActionsManager$24)

19:31:58:3158 [user_actions] [AWT-EventQueue-0] DEBUG - Waveform (GSLSendVariablesToWaveAction)
	source = designTopsTreeTable
	entity = alu_testbench.intf

19:32:05:325 [user_actions] [AWT-EventQueue-0] DEBUG - Waveform (GSLSendVariablesToWaveAction)
	source = designTopsTreeTable
	entity = alu_testbench.dut

19:32:08:328 [user_actions] [AWT-EventQueue-0] DEBUG - recordLogs (GSLRecordLogsAction)

19:32:08:328 [com.cadence.smartlog.bl.common.SLUtils] [TangoTaskManager-2] INFO  - query: 
19:32:08:328 [com.cadence.smartlog.bl.common.SLUtils] [Thread-15] INFO  - query: 
19:32:08:328 [com.cadence.smartlog.bl.common.SLUtils] [TangoTaskManager-1] INFO  - query: 
19:32:08:328 [user_actions] [AWT-EventQueue-0] DEBUG - LiveSimulationRefreshWaveform (GSLLiveSimulationRefreshWaveformAction)

19:32:10:3210 [user_actions] [AWT-EventQueue-0] DEBUG - run (GSLInteractiveRunPanel$3)

19:32:10:3210 [user_actions] [AWT-EventQueue-0] DEBUG - RUN_FORWARD (GSLDebugStepAction)

19:32:10:3210 [user_actions] [AWT-EventQueue-0] DEBUG - LiveSimulationRefreshWaveform (GSLLiveSimulationRefreshWaveformAction)

19:32:10:3210 [important] [Indago DAC notify callback receiver] WARN  - got the following for key values in msg_destination_files: 1
19:32:10:3210 [important] [Indago DAC notify callback receiver] WARN  - Dest File: key=1 val=stdout, shortName: stdout
19:32:10:3210 [com.cadence.smartlog.bl.common.SLUtils] [TangoTaskManager-13] INFO  - query: 
19:32:10:3210 [com.cadence.smartlog.bl.common.SLUtils] [Thread-17] INFO  - query: 
19:32:10:3210 [com.cadence.smartlog.bl.common.SLUtils] [TangoTaskManager-1] INFO  - query: 
19:32:28:3228 [user_actions] [AWT-EventQueue-0] DEBUG - Zoom In (ZoomAction)
	selected = Message 2502

19:32:28:3228 [user_actions] [AWT-EventQueue-0] DEBUG - Zoom In (ZoomAction)
	selected = Message 2502

19:32:28:3228 [user_actions] [AWT-EventQueue-0] DEBUG - Zoom In (ZoomAction)
	selected = Message 2502

19:32:28:3228 [user_actions] [AWT-EventQueue-0] DEBUG - Zoom In (ZoomAction)
	selected = Message 2502

19:32:29:3229 [user_actions] [AWT-EventQueue-0] DEBUG - Zoom In (ZoomAction)
	selected = Message 2502

19:32:29:3229 [user_actions] [AWT-EventQueue-0] DEBUG - Zoom In (ZoomAction)
	selected = Message 2502

19:32:30:3230 [user_actions] [AWT-EventQueue-0] DEBUG - Zoom In (ZoomAction)
	selected = Message 2502

19:32:30:3230 [user_actions] [AWT-EventQueue-0] DEBUG - Zoom In (ZoomAction)
	selected = Message 2502

19:32:30:3230 [user_actions] [AWT-EventQueue-0] DEBUG - Zoom In (ZoomAction)
	selected = Message 2502

19:32:31:3231 [user_actions] [AWT-EventQueue-0] DEBUG - Zoom Out (ZoomAction)
	selected = Message 2502

19:32:41:3241 [general] [TangoTaskManager-9] ERROR - un-handled exception in GUFITaskExecutor.handleException:java.lang.NullPointerException
19:32:41:3241 [general] [TangoTaskManager-9] ERROR - un-handled exception in GUFITaskExecutor.handleException
java.lang.NullPointerException: null
	at com.cadence.indago.waveform2.ui.ZoomAxis.collectUserDataFromEntity(ZoomAxis.java:803) ~[?:?]
	at com.cadence.indago.waveform2.ui.WaveTraceViewBase.refreshTrace(WaveTraceViewBase.java:319) ~[?:?]
	at com.cadence.indago.waveform2.ui.ZoomAxis.refreshTrace(ZoomAxis.java:551) ~[?:?]
	at com.cadence.indago.waveform2.ui.ZoomAxis$3.doWork(ZoomAxis.java:181) ~[?:?]
	at com.cadence.ufi.gui.worker.GUFITaskExecutor.doInBackground(GUFITaskExecutor.java:121) ~[?:?]
	at javax.swing.SwingWorker$1.call(SwingWorker.java:295) ~[?:1.8.0_202-CDS_2021_b1]
	at java.util.concurrent.FutureTask.run(FutureTask.java:266) ~[?:1.8.0_202-CDS_2021_b1]
	at javax.swing.SwingWorker.run(SwingWorker.java:334) ~[?:1.8.0_202-CDS_2021_b1]
	at java.util.concurrent.Executors$RunnableAdapter.call(Executors.java:511) ~[?:1.8.0_202-CDS_2021_b1]
	at java.util.concurrent.FutureTask.run(FutureTask.java:266) ~[?:1.8.0_202-CDS_2021_b1]
	at java.util.concurrent.ThreadPoolExecutor.runWorker(ThreadPoolExecutor.java:1149) ~[?:1.8.0_202-CDS_2021_b1]
	at java.util.concurrent.ThreadPoolExecutor$Worker.run(ThreadPoolExecutor.java:624) ~[?:1.8.0_202-CDS_2021_b1]
	at java.lang.Thread.run(Thread.java:748) ~[?:1.8.0_202-CDS_2021_b1]
19:32:47:3247 [user_actions] [AWT-EventQueue-0] DEBUG - Zoom Out (ZoomAction)
	selected[8] = 
		[0] alu_testbench.dut
		[1] alu_testbench.dut.A[31:0]
		..
		[4] alu_testbench.dut.Opcode[2:0]
		..
		[6] alu_testbench.dut.clk
		[7] alu_testbench.dut.rst

19:32:49:3249 [user_actions] [AWT-EventQueue-0] DEBUG - Zoom Out (ZoomAction)
	selected[8] = 
		[0] alu_testbench.dut
		[1] alu_testbench.dut.A[31:0]
		..
		[4] alu_testbench.dut.Opcode[2:0]
		..
		[6] alu_testbench.dut.clk
		[7] alu_testbench.dut.rst

19:32:49:3249 [user_actions] [AWT-EventQueue-0] DEBUG - Zoom Out (ZoomAction)
	selected[8] = 
		[0] alu_testbench.dut
		[1] alu_testbench.dut.A[31:0]
		..
		[4] alu_testbench.dut.Opcode[2:0]
		..
		[6] alu_testbench.dut.clk
		[7] alu_testbench.dut.rst

19:32:51:3251 [user_actions] [AWT-EventQueue-0] DEBUG - Zoom Out (ZoomAction)
	selected[8] = 
		[0] alu_testbench.dut
		[1] alu_testbench.dut.A[31:0]
		..
		[4] alu_testbench.dut.Opcode[2:0]
		..
		[6] alu_testbench.dut.clk
		[7] alu_testbench.dut.rst

19:32:51:3251 [user_actions] [AWT-EventQueue-0] DEBUG - Zoom Out (ZoomAction)
	selected[8] = 
		[0] alu_testbench.dut
		[1] alu_testbench.dut.A[31:0]
		..
		[4] alu_testbench.dut.Opcode[2:0]
		..
		[6] alu_testbench.dut.clk
		[7] alu_testbench.dut.rst

19:32:52:3252 [user_actions] [AWT-EventQueue-0] DEBUG - Zoom In (ZoomAction)
	selected[8] = 
		[0] alu_testbench.dut
		[1] alu_testbench.dut.A[31:0]
		..
		[4] alu_testbench.dut.Opcode[2:0]
		..
		[6] alu_testbench.dut.clk
		[7] alu_testbench.dut.rst

19:32:52:3252 [user_actions] [AWT-EventQueue-0] DEBUG - Zoom In (ZoomAction)
	selected[8] = 
		[0] alu_testbench.dut
		[1] alu_testbench.dut.A[31:0]
		..
		[4] alu_testbench.dut.Opcode[2:0]
		..
		[6] alu_testbench.dut.clk
		[7] alu_testbench.dut.rst

19:32:52:3252 [user_actions] [AWT-EventQueue-0] DEBUG - Zoom In (ZoomAction)
	selected[8] = 
		[0] alu_testbench.dut
		[1] alu_testbench.dut.A[31:0]
		..
		[4] alu_testbench.dut.Opcode[2:0]
		..
		[6] alu_testbench.dut.clk
		[7] alu_testbench.dut.rst

19:32:52:3252 [user_actions] [AWT-EventQueue-0] DEBUG - Zoom In (ZoomAction)
	selected[8] = 
		[0] alu_testbench.dut
		[1] alu_testbench.dut.A[31:0]
		..
		[4] alu_testbench.dut.Opcode[2:0]
		..
		[6] alu_testbench.dut.clk
		[7] alu_testbench.dut.rst

19:32:53:3253 [user_actions] [AWT-EventQueue-0] DEBUG - Zoom In (ZoomAction)
	selected[8] = 
		[0] alu_testbench.dut
		[1] alu_testbench.dut.A[31:0]
		..
		[4] alu_testbench.dut.Opcode[2:0]
		..
		[6] alu_testbench.dut.clk
		[7] alu_testbench.dut.rst

19:32:53:3253 [user_actions] [AWT-EventQueue-0] DEBUG - Zoom In (ZoomAction)
	selected[8] = 
		[0] alu_testbench.dut
		[1] alu_testbench.dut.A[31:0]
		..
		[4] alu_testbench.dut.Opcode[2:0]
		..
		[6] alu_testbench.dut.clk
		[7] alu_testbench.dut.rst

19:32:55:3255 [user_actions] [AWT-EventQueue-0] DEBUG - Zoom Out (ZoomAction)
	selected[8] = 
		[0] alu_testbench.dut
		[1] alu_testbench.dut.A[31:0]
		..
		[4] alu_testbench.dut.Opcode[2:0]
		..
		[6] alu_testbench.dut.clk
		[7] alu_testbench.dut.rst

19:32:55:3255 [user_actions] [AWT-EventQueue-0] DEBUG - Zoom Out (ZoomAction)
	selected[8] = 
		[0] alu_testbench.dut
		[1] alu_testbench.dut.A[31:0]
		..
		[4] alu_testbench.dut.Opcode[2:0]
		..
		[6] alu_testbench.dut.clk
		[7] alu_testbench.dut.rst

19:37:38:3738 [user_actions] [AWT-EventQueue-0] DEBUG - Zoom Out (ZoomAction)
	selected = alu_testbench.dut.A[31:0]

19:37:38:3738 [user_actions] [AWT-EventQueue-0] DEBUG - Zoom Out (ZoomAction)
	selected = alu_testbench.dut.A[31:0]

19:37:38:3738 [user_actions] [AWT-EventQueue-0] DEBUG - Zoom Out (ZoomAction)
	selected = alu_testbench.dut.A[31:0]

19:37:39:3739 [user_actions] [AWT-EventQueue-0] DEBUG - Zoom In (ZoomAction)
	selected = alu_testbench.dut.A[31:0]

19:37:39:3739 [user_actions] [AWT-EventQueue-0] DEBUG - Zoom In (ZoomAction)
	selected = alu_testbench.dut.A[31:0]

19:37:39:3739 [user_actions] [AWT-EventQueue-0] DEBUG - Zoom In (ZoomAction)
	selected = alu_testbench.dut.A[31:0]

19:37:39:3739 [user_actions] [AWT-EventQueue-0] DEBUG - Zoom In (ZoomAction)
	selected = alu_testbench.dut.A[31:0]

19:37:39:3739 [user_actions] [AWT-EventQueue-0] DEBUG - Zoom In (ZoomAction)
	selected = alu_testbench.dut.A[31:0]

19:37:40:3740 [user_actions] [AWT-EventQueue-0] DEBUG - Zoom In (ZoomAction)
	selected = alu_testbench.dut.A[31:0]

19:37:40:3740 [user_actions] [AWT-EventQueue-0] DEBUG - Zoom In (ZoomAction)
	selected = alu_testbench.dut.A[31:0]

19:37:40:3740 [user_actions] [AWT-EventQueue-0] DEBUG - Zoom In (ZoomAction)
	selected = alu_testbench.dut.A[31:0]

19:37:41:3741 [user_actions] [AWT-EventQueue-0] DEBUG - Zoom In (ZoomAction)
	selected = alu_testbench.dut.A[31:0]

19:37:41:3741 [user_actions] [AWT-EventQueue-0] DEBUG - Zoom In (ZoomAction)
	selected = alu_testbench.dut.A[31:0]

19:37:41:3741 [user_actions] [AWT-EventQueue-0] DEBUG - Zoom In (ZoomAction)
	selected = alu_testbench.dut.A[31:0]

19:37:41:3741 [user_actions] [AWT-EventQueue-0] DEBUG - Zoom In (ZoomAction)
	selected = alu_testbench.dut.A[31:0]

19:37:41:3741 [user_actions] [AWT-EventQueue-0] DEBUG - Zoom In (ZoomAction)
	selected = alu_testbench.dut.A[31:0]

19:37:41:3741 [user_actions] [AWT-EventQueue-0] DEBUG - Zoom In (ZoomAction)
	selected = alu_testbench.dut.A[31:0]

19:37:42:3742 [user_actions] [AWT-EventQueue-0] DEBUG - Zoom In (ZoomAction)
	selected = alu_testbench.dut.A[31:0]

19:37:42:3742 [user_actions] [AWT-EventQueue-0] DEBUG - Zoom Out (ZoomAction)
	selected = alu_testbench.dut.A[31:0]

19:37:42:3742 [user_actions] [AWT-EventQueue-0] DEBUG - Zoom Out (ZoomAction)
	selected = alu_testbench.dut.A[31:0]

19:37:42:3742 [user_actions] [AWT-EventQueue-0] DEBUG - Zoom Out (ZoomAction)
	selected = alu_testbench.dut.A[31:0]

19:37:42:3742 [user_actions] [AWT-EventQueue-0] DEBUG - Zoom Out (ZoomAction)
	selected = alu_testbench.dut.A[31:0]

19:37:42:3742 [user_actions] [AWT-EventQueue-0] DEBUG - Zoom Out (ZoomAction)
	selected = alu_testbench.dut.A[31:0]

19:37:43:3743 [user_actions] [AWT-EventQueue-0] DEBUG - Zoom Out (ZoomAction)
	selected = alu_testbench.dut.A[31:0]

19:37:43:3743 [user_actions] [AWT-EventQueue-0] DEBUG - Zoom Out (ZoomAction)
	selected = alu_testbench.dut.A[31:0]

19:37:43:3743 [user_actions] [AWT-EventQueue-0] DEBUG - Zoom Out (ZoomAction)
	selected = alu_testbench.dut.A[31:0]

19:37:43:3743 [user_actions] [AWT-EventQueue-0] DEBUG - Zoom Out (ZoomAction)
	selected = alu_testbench.dut.A[31:0]

19:37:43:3743 [user_actions] [AWT-EventQueue-0] DEBUG - Zoom Out (ZoomAction)
	selected = alu_testbench.dut.A[31:0]

19:37:45:3745 [user_actions] [AWT-EventQueue-0] DEBUG - Zoom Out (ZoomAction)
	selected = alu_testbench.dut.A[31:0]

19:37:45:3745 [user_actions] [AWT-EventQueue-0] DEBUG - Zoom In (ZoomAction)
	selected = alu_testbench.dut.A[31:0]

19:37:46:3746 [user_actions] [AWT-EventQueue-0] DEBUG - Zoom Out (ZoomAction)
	selected = alu_testbench.dut.A[31:0]

19:37:46:3746 [user_actions] [AWT-EventQueue-0] DEBUG - Zoom Out (ZoomAction)
	selected = alu_testbench.dut.A[31:0]

19:37:48:3748 [user_actions] [AWT-EventQueue-0] DEBUG - Zoom In (ZoomAction)
	selected = alu_testbench.dut.A[31:0]

19:37:48:3748 [user_actions] [AWT-EventQueue-0] DEBUG - Zoom In (ZoomAction)
	selected = alu_testbench.dut.A[31:0]

19:37:50:3750 [user_actions] [AWT-EventQueue-0] DEBUG - Zoom In (ZoomAction)
	selected = alu_testbench.dut.A[31:0]

19:37:50:3750 [user_actions] [AWT-EventQueue-0] DEBUG - Zoom In (ZoomAction)
	selected = alu_testbench.dut.A[31:0]

19:37:51:3751 [user_actions] [AWT-EventQueue-0] DEBUG - Zoom In (ZoomAction)
	selected = alu_testbench.dut.A[31:0]

19:37:51:3751 [user_actions] [AWT-EventQueue-0] DEBUG - Zoom In (ZoomAction)
	selected = alu_testbench.dut.A[31:0]

19:37:51:3751 [user_actions] [AWT-EventQueue-0] DEBUG - Zoom In (ZoomAction)
	selected = alu_testbench.dut.A[31:0]

19:37:52:3752 [user_actions] [AWT-EventQueue-0] DEBUG - Zoom In (ZoomAction)
	selected = alu_testbench.dut.A[31:0]

19:37:52:3752 [user_actions] [AWT-EventQueue-0] DEBUG - Zoom In (ZoomAction)
	selected = alu_testbench.dut.A[31:0]

19:37:52:3752 [user_actions] [AWT-EventQueue-0] DEBUG - Zoom In (ZoomAction)
	selected = alu_testbench.dut.A[31:0]

19:37:52:3752 [user_actions] [AWT-EventQueue-0] DEBUG - Zoom In (ZoomAction)
	selected = alu_testbench.dut.A[31:0]

19:37:53:3753 [user_actions] [AWT-EventQueue-0] DEBUG - Zoom Out (ZoomAction)
	selected = alu_testbench.dut.A[31:0]

19:37:53:3753 [user_actions] [AWT-EventQueue-0] DEBUG - Zoom Out (ZoomAction)
	selected = alu_testbench.dut.A[31:0]

19:37:53:3753 [user_actions] [AWT-EventQueue-0] DEBUG - Zoom Out (ZoomAction)
	selected = alu_testbench.dut.A[31:0]

19:37:53:3753 [user_actions] [AWT-EventQueue-0] DEBUG - Zoom Out (ZoomAction)
	selected = alu_testbench.dut.A[31:0]

19:37:53:3753 [user_actions] [AWT-EventQueue-0] DEBUG - Zoom Out (ZoomAction)
	selected = alu_testbench.dut.A[31:0]

19:37:53:3753 [user_actions] [AWT-EventQueue-0] DEBUG - Zoom Out (ZoomAction)
	selected = alu_testbench.dut.A[31:0]

19:37:53:3753 [user_actions] [AWT-EventQueue-0] DEBUG - Zoom Out (ZoomAction)
	selected = alu_testbench.dut.A[31:0]

19:37:53:3753 [user_actions] [AWT-EventQueue-0] DEBUG - Zoom Out (ZoomAction)
	selected = alu_testbench.dut.A[31:0]

19:37:54:3754 [user_actions] [AWT-EventQueue-0] DEBUG - Zoom Out (ZoomAction)
	selected = alu_testbench.dut.A[31:0]

19:37:54:3754 [user_actions] [AWT-EventQueue-0] DEBUG - Zoom Out (ZoomAction)
	selected = alu_testbench.dut.A[31:0]

19:37:54:3754 [user_actions] [AWT-EventQueue-0] DEBUG - Zoom Out (ZoomAction)
	selected = alu_testbench.dut.A[31:0]

19:37:55:3755 [user_actions] [AWT-EventQueue-0] DEBUG - Zoom In (ZoomAction)
	selected = alu_testbench.dut.A[31:0]

19:37:58:3758 [user_actions] [AWT-EventQueue-0] DEBUG - Zoom In (ZoomAction)
	selected = alu_testbench.dut.A[31:0]

19:37:58:3758 [user_actions] [AWT-EventQueue-0] DEBUG - Zoom In (ZoomAction)
	selected = alu_testbench.dut.A[31:0]

19:37:59:3759 [user_actions] [AWT-EventQueue-0] DEBUG - Zoom Out (ZoomAction)
	selected = alu_testbench.dut.A[31:0]

19:37:59:3759 [user_actions] [AWT-EventQueue-0] DEBUG - Zoom Out (ZoomAction)
	selected = alu_testbench.dut.A[31:0]

19:37:59:3759 [user_actions] [AWT-EventQueue-0] DEBUG - Zoom Out (ZoomAction)
	selected = alu_testbench.dut.A[31:0]

19:38:09:389 [user_actions] [AWT-EventQueue-0] DEBUG - Zoom In (ZoomAction)
	selected = alu_testbench.dut.A[31:0]

19:38:09:389 [user_actions] [AWT-EventQueue-0] DEBUG - Zoom In (ZoomAction)
	selected = alu_testbench.dut.A[31:0]

19:38:10:3810 [user_actions] [AWT-EventQueue-0] DEBUG - Zoom Out (ZoomAction)
	selected = alu_testbench.dut.A[31:0]

19:38:10:3810 [user_actions] [AWT-EventQueue-0] DEBUG - Zoom Out (ZoomAction)
	selected = alu_testbench.dut.A[31:0]

19:38:10:3810 [user_actions] [AWT-EventQueue-0] DEBUG - Zoom Out (ZoomAction)
	selected = alu_testbench.dut.A[31:0]

19:38:10:3810 [user_actions] [AWT-EventQueue-0] DEBUG - Zoom Out (ZoomAction)
	selected = alu_testbench.dut.A[31:0]

19:38:10:3810 [user_actions] [AWT-EventQueue-0] DEBUG - Zoom Out (ZoomAction)
	selected = alu_testbench.dut.A[31:0]

19:38:10:3810 [user_actions] [AWT-EventQueue-0] DEBUG - Zoom Out (ZoomAction)
	selected = alu_testbench.dut.A[31:0]

19:38:10:3810 [user_actions] [AWT-EventQueue-0] DEBUG - Zoom Out (ZoomAction)
	selected = alu_testbench.dut.A[31:0]

19:38:11:3811 [user_actions] [AWT-EventQueue-0] DEBUG - Zoom Out (ZoomAction)
	selected = alu_testbench.dut.A[31:0]

19:38:11:3811 [user_actions] [AWT-EventQueue-0] DEBUG - Zoom Out (ZoomAction)
	selected = alu_testbench.dut.A[31:0]

19:38:11:3811 [user_actions] [AWT-EventQueue-0] DEBUG - Zoom Out (ZoomAction)
	selected = alu_testbench.dut.A[31:0]

19:38:12:3812 [user_actions] [AWT-EventQueue-0] DEBUG - Zoom In (ZoomAction)
	selected = alu_testbench.dut.A[31:0]

19:38:13:3813 [user_actions] [AWT-EventQueue-0] DEBUG - Zoom In (ZoomAction)
	selected = alu_testbench.dut.A[31:0]

19:38:13:3813 [user_actions] [AWT-EventQueue-0] DEBUG - Zoom In (ZoomAction)
	selected = alu_testbench.dut.A[31:0]

19:38:13:3813 [user_actions] [AWT-EventQueue-0] DEBUG - Zoom In (ZoomAction)
	selected = alu_testbench.dut.A[31:0]

19:38:13:3813 [user_actions] [AWT-EventQueue-0] DEBUG - Zoom In (ZoomAction)
	selected = alu_testbench.dut.A[31:0]

19:38:13:3813 [user_actions] [AWT-EventQueue-0] DEBUG - Zoom In (ZoomAction)
	selected = alu_testbench.dut.A[31:0]

19:38:14:3814 [user_actions] [AWT-EventQueue-0] DEBUG - Zoom In (ZoomAction)
	selected = alu_testbench.dut.A[31:0]

19:38:14:3814 [user_actions] [AWT-EventQueue-0] DEBUG - Zoom In (ZoomAction)
	selected = alu_testbench.dut.A[31:0]

19:38:14:3814 [user_actions] [AWT-EventQueue-0] DEBUG - Zoom In (ZoomAction)
	selected = alu_testbench.dut.A[31:0]

19:38:15:3815 [user_actions] [AWT-EventQueue-0] DEBUG - Zoom In (ZoomAction)
	selected = alu_testbench.dut.A[31:0]

19:38:15:3815 [user_actions] [AWT-EventQueue-0] DEBUG - Zoom In (ZoomAction)
	selected = alu_testbench.dut.A[31:0]

19:38:15:3815 [user_actions] [AWT-EventQueue-0] DEBUG - Zoom In (ZoomAction)
	selected = alu_testbench.dut.A[31:0]

19:38:16:3816 [user_actions] [AWT-EventQueue-0] DEBUG - Zoom In (ZoomAction)
	selected = alu_testbench.dut.A[31:0]

19:38:16:3816 [user_actions] [AWT-EventQueue-0] DEBUG - Zoom In (ZoomAction)
	selected = alu_testbench.dut.A[31:0]

19:38:16:3816 [user_actions] [AWT-EventQueue-0] DEBUG - Zoom In (ZoomAction)
	selected = alu_testbench.dut.A[31:0]

19:38:16:3816 [user_actions] [AWT-EventQueue-0] DEBUG - Zoom In (ZoomAction)
	selected = alu_testbench.dut.A[31:0]

19:38:16:3816 [user_actions] [AWT-EventQueue-0] DEBUG - Zoom In (ZoomAction)
	selected = alu_testbench.dut.A[31:0]

19:38:16:3816 [user_actions] [AWT-EventQueue-0] DEBUG - Zoom In (ZoomAction)
	selected = alu_testbench.dut.A[31:0]

19:38:16:3816 [user_actions] [AWT-EventQueue-0] DEBUG - Zoom In (ZoomAction)
	selected = alu_testbench.dut.A[31:0]

19:38:17:3817 [user_actions] [AWT-EventQueue-0] DEBUG - Zoom Out (ZoomAction)
	selected = alu_testbench.dut.A[31:0]

19:38:17:3817 [user_actions] [AWT-EventQueue-0] DEBUG - Zoom Out (ZoomAction)
	selected = alu_testbench.dut.A[31:0]

19:38:17:3817 [user_actions] [AWT-EventQueue-0] DEBUG - Zoom Out (ZoomAction)
	selected = alu_testbench.dut.A[31:0]

19:38:18:3818 [user_actions] [AWT-EventQueue-0] DEBUG - Zoom In (ZoomAction)
	selected = alu_testbench.dut.A[31:0]

19:38:18:3818 [user_actions] [AWT-EventQueue-0] DEBUG - Zoom In (ZoomAction)
	selected = alu_testbench.dut.A[31:0]

19:38:18:3818 [user_actions] [AWT-EventQueue-0] DEBUG - Zoom In (ZoomAction)
	selected = alu_testbench.dut.A[31:0]

19:38:18:3818 [user_actions] [AWT-EventQueue-0] DEBUG - Zoom In (ZoomAction)
	selected = alu_testbench.dut.A[31:0]

19:38:19:3819 [user_actions] [AWT-EventQueue-0] DEBUG - Zoom In (ZoomAction)
	selected = alu_testbench.dut.A[31:0]

19:38:20:3820 [user_actions] [AWT-EventQueue-0] DEBUG - Zoom Out (ZoomAction)
	selected = alu_testbench.dut.A[31:0]

19:38:20:3820 [user_actions] [AWT-EventQueue-0] DEBUG - Zoom Out (ZoomAction)
	selected = alu_testbench.dut.A[31:0]

19:38:20:3820 [user_actions] [AWT-EventQueue-0] DEBUG - Zoom Out (ZoomAction)
	selected = alu_testbench.dut.A[31:0]

19:38:20:3820 [user_actions] [AWT-EventQueue-0] DEBUG - Zoom Out (ZoomAction)
	selected = alu_testbench.dut.A[31:0]

19:38:21:3821 [user_actions] [AWT-EventQueue-0] DEBUG - Zoom Out (ZoomAction)
	selected = alu_testbench.dut.A[31:0]

19:38:22:3822 [user_actions] [AWT-EventQueue-0] DEBUG - Zoom Out (ZoomAction)
	selected = alu_testbench.dut.A[31:0]

19:38:22:3822 [user_actions] [AWT-EventQueue-0] DEBUG - Zoom Out (ZoomAction)
	selected = alu_testbench.dut.A[31:0]

19:38:22:3822 [user_actions] [AWT-EventQueue-0] DEBUG - Zoom Out (ZoomAction)
	selected = alu_testbench.dut.A[31:0]

19:38:22:3822 [user_actions] [AWT-EventQueue-0] DEBUG - Zoom Out (ZoomAction)
	selected = alu_testbench.dut.A[31:0]

19:38:22:3822 [user_actions] [AWT-EventQueue-0] DEBUG - Zoom Out (ZoomAction)
	selected = alu_testbench.dut.A[31:0]

19:38:22:3822 [user_actions] [AWT-EventQueue-0] DEBUG - Zoom Out (ZoomAction)
	selected = alu_testbench.dut.A[31:0]

19:38:22:3822 [user_actions] [AWT-EventQueue-0] DEBUG - Zoom Out (ZoomAction)
	selected = alu_testbench.dut.A[31:0]

19:38:23:3823 [user_actions] [AWT-EventQueue-0] DEBUG - Zoom Out (ZoomAction)
	selected = alu_testbench.dut.A[31:0]

19:38:23:3823 [user_actions] [AWT-EventQueue-0] DEBUG - Zoom Out (ZoomAction)
	selected = alu_testbench.dut.A[31:0]

19:38:23:3823 [user_actions] [AWT-EventQueue-0] DEBUG - Zoom Out (ZoomAction)
	selected = alu_testbench.dut.A[31:0]

19:38:29:3829 [user_actions] [AWT-EventQueue-0] DEBUG - Zoom In (ZoomAction)
	selected = alu_testbench.dut.A[31:0]

19:38:30:3830 [user_actions] [AWT-EventQueue-0] DEBUG - Zoom In (ZoomAction)
	selected = alu_testbench.dut.A[31:0]

19:38:30:3830 [user_actions] [AWT-EventQueue-0] DEBUG - Zoom In (ZoomAction)
	selected = alu_testbench.dut.A[31:0]

19:43:02:432 [user_actions] [AWT-EventQueue-0] DEBUG - Zoom Out (ZoomAction)
	selected = alu_testbench.dut.A[31:0]

19:43:02:432 [user_actions] [AWT-EventQueue-0] DEBUG - Zoom Out (ZoomAction)
	selected = alu_testbench.dut.A[31:0]

19:43:02:432 [user_actions] [AWT-EventQueue-0] DEBUG - Zoom Out (ZoomAction)
	selected = alu_testbench.dut.A[31:0]

19:43:13:4313 [user_actions] [AWT-EventQueue-0] DEBUG - Zoom In (ZoomAction)
	selected = alu_testbench.dut.A[31:0]

19:43:13:4313 [user_actions] [AWT-EventQueue-0] DEBUG - Zoom In (ZoomAction)
	selected = alu_testbench.dut.A[31:0]

19:50:36:5036 [user_actions] [AWT-EventQueue-0] DEBUG - OK (GUFIQuestionDialog$1)
	dialog = confirmExitDlg (GUFIQuestionDialog)

