13:35:03:353 [important] [FelixStartLevel] WARN  - InfoSource version is empty in getMajorMinorVersion()
13:35:03:353 [important] [FelixStartLevel] WARN  - InfoSource version not found!! skipping relevant version checks
13:35:04:354 [important] [FelixStartLevel] INFO  - xmsim gcc version is 9.3.0
13:35:04:354 [important] [FelixStartLevel] INFO  - indago gcc version is 9.3.0
13:35:04:354 [important] [TangoTaskManager-3] WARN  - An Indago Snapshot/LWD was not loaded. Scripting API functionality may be impacted.
13:35:04:354 [com.cadence.smartlog.bl.common.SLUtils] [TangoTaskManager-5] INFO  - query: 
13:35:16:3516 [user_actions] [AWT-EventQueue-0] DEBUG - refreshSchematicAttributes (SchematicActionsManager$24)

13:35:16:3516 [user_actions] [AWT-EventQueue-0] DEBUG - LiveSimulationRefreshWaveform (GSLLiveSimulationRefreshWaveformAction)

13:35:17:3517 [user_actions] [AWT-EventQueue-0] DEBUG - LiveSimulationRefreshWaveform (GSLLiveSimulationRefreshWaveformAction)

13:35:17:3517 [user_actions] [AWT-EventQueue-0] DEBUG - LiveSimulationRefreshWaveform (GSLLiveSimulationRefreshWaveformAction)

13:35:21:3521 [user_actions] [AWT-EventQueue-0] DEBUG - Keep current (GUFIQuestionDialog$1)
	dialog = restoreLayoutsDialog (GUFIQuestionDialog)

13:35:21:3521 [important] [TangoTaskManager-3] INFO  - ScriptingActivator while loop has finished
13:35:22:3522 [user_actions] [AWT-EventQueue-0] DEBUG - refreshSchematicAttributes (SchematicActionsManager$24)

13:35:28:3528 [user_actions] [AWT-EventQueue-0] DEBUG - recordLogs (GSLRecordLogsAction)

13:35:28:3528 [com.cadence.smartlog.bl.common.SLUtils] [TangoTaskManager-0] INFO  - query: 
13:35:28:3528 [com.cadence.smartlog.bl.common.SLUtils] [Thread-14] INFO  - query: 
13:35:28:3528 [com.cadence.smartlog.bl.common.SLUtils] [TangoTaskManager-4] INFO  - query: 
13:42:27:4227 [user_actions] [AWT-EventQueue-0] DEBUG - showIdentifierSource (GSLShowDeclarationSourceAction)
	source = designTopsTreeTable_topsSignalsTreeTable
	entity = alu_testbench.intf.rst

13:42:31:4231 [user_actions] [AWT-EventQueue-0] DEBUG - Waveform (GSLSendVariablesToWaveAction)
	source = designTopsTreeTable_topsSignalsTreeTable
	entities[9] = 
		[0] alu_testbench.intf.rst
		[1] alu_testbench.intf.A[31:0]
		..
		[4] alu_testbench.intf.Opcode[2:0]
		..
		[7] alu_testbench.intf.Underflow
		[8] alu_testbench.intf.clk

13:42:33:4233 [user_actions] [AWT-EventQueue-0] DEBUG - run (GSLInteractiveRunPanel$3)

13:42:33:4233 [user_actions] [AWT-EventQueue-0] DEBUG - RUN_FORWARD (GSLDebugStepAction)

13:42:33:4233 [com.cadence.smartlog.bl.common.SLUtils] [TangoTaskManager-6] INFO  - query: 
13:42:33:4233 [com.cadence.smartlog.bl.common.SLUtils] [Thread-212] INFO  - query: 
13:42:33:4233 [com.cadence.smartlog.bl.common.SLUtils] [TangoTaskManager-2] INFO  - query: 
13:42:34:4234 [important] [Indago DAC notify callback receiver] WARN  - got the following for key values in msg_destination_files: 1
13:42:34:4234 [important] [Indago DAC notify callback receiver] WARN  - Dest File: key=1 val=stdout, shortName: stdout
13:42:34:4234 [user_actions] [AWT-EventQueue-0] DEBUG - LiveSimulationRefreshWaveform (GSLLiveSimulationRefreshWaveformAction)

13:42:34:4234 [com.cadence.smartlog.bl.common.SLUtils] [TangoTaskManager-11] INFO  - query: 
13:42:34:4234 [com.cadence.smartlog.bl.common.SLUtils] [Thread-213] INFO  - query: 
13:42:34:4234 [com.cadence.smartlog.bl.common.SLUtils] [TangoTaskManager-7] INFO  - query: 
13:42:34:4234 [important] [Indago DAC notify callback receiver] WARN  - got the following for key values in msg_destination_files: 1
13:42:34:4234 [important] [Indago DAC notify callback receiver] WARN  - Dest File: key=1 val=stdout, shortName: stdout
13:42:34:4234 [com.cadence.smartlog.bl.common.SLUtils] [Thread-205] INFO  - query: 
13:42:34:4234 [com.cadence.smartlog.bl.common.SLUtils] [TangoTaskManager-3] INFO  - query: 
13:42:34:4234 [user_actions] [AWT-EventQueue-0] DEBUG - LiveSimulationRefreshWaveform (GSLLiveSimulationRefreshWaveformAction)

13:42:36:4236 [user_actions] [AWT-EventQueue-0] DEBUG - Zoom In (ZoomAction)
	selected = Message 2502

13:42:36:4236 [user_actions] [AWT-EventQueue-0] DEBUG - Zoom In (ZoomAction)
	selected = Message 2502

13:42:38:4238 [user_actions] [AWT-EventQueue-0] DEBUG - Zoom In (ZoomAction)
	selected = Message 2502

13:47:53:4753 [user_actions] [AWT-EventQueue-0] DEBUG - Zoom In (ZoomAction)
	selected = Message 2502

13:47:53:4753 [user_actions] [AWT-EventQueue-0] DEBUG - Zoom In (ZoomAction)
	selected = Message 2502

13:47:54:4754 [user_actions] [AWT-EventQueue-0] DEBUG - Zoom In (ZoomAction)
	selected = Message 2502

14:02:55:255 [user_actions] [AWT-EventQueue-0] DEBUG - OK (GUFIQuestionDialog$1)
	dialog = confirmExitDlg (GUFIQuestionDialog)

