17:56:32:5632 [important] [FelixStartLevel] WARN  - InfoSource version is empty in getMajorMinorVersion()
17:56:32:5632 [important] [FelixStartLevel] WARN  - InfoSource version not found!! skipping relevant version checks
17:56:32:5632 [important] [FelixStartLevel] INFO  - xmsim gcc version is 9.3.0
17:56:32:5632 [important] [FelixStartLevel] INFO  - indago gcc version is 9.3.0
17:56:32:5632 [important] [TangoTaskManager-3] WARN  - An Indago Snapshot/LWD was not loaded. Scripting API functionality may be impacted.
17:56:33:5633 [com.cadence.smartlog.bl.common.SLUtils] [TangoTaskManager-5] INFO  - query: 
17:56:45:5645 [user_actions] [AWT-EventQueue-0] DEBUG - refreshSchematicAttributes (SchematicActionsManager$24)

17:56:45:5645 [user_actions] [AWT-EventQueue-0] DEBUG - LiveSimulationRefreshWaveform (GSLLiveSimulationRefreshWaveformAction)

17:56:45:5645 [user_actions] [AWT-EventQueue-0] DEBUG - LiveSimulationRefreshWaveform (GSLLiveSimulationRefreshWaveformAction)

17:56:46:5646 [user_actions] [AWT-EventQueue-0] DEBUG - LiveSimulationRefreshWaveform (GSLLiveSimulationRefreshWaveformAction)

17:57:33:5733 [important] [TangoTaskManager-3] WARN  - python scripts are waiting to start for 60 seconds guiReady=false simulatorReady=true consoleActiveSvc is not null consoleActiveSvc.consoleActive() =true
17:58:33:5833 [important] [TangoTaskManager-3] WARN  - python scripts are waiting to start for 120 seconds guiReady=false simulatorReady=true consoleActiveSvc is not null consoleActiveSvc.consoleActive() =true
17:59:33:5933 [important] [TangoTaskManager-3] ERROR - python scripts are waiting to start for 180 seconds guiReady=false simulatorReady=true consoleActiveSvc is not null consoleActiveSvc.consoleActive() =true
17:59:49:5949 [user_actions] [AWT-EventQueue-0] DEBUG - Keep current (GUFIQuestionDialog$1)
	dialog = restoreLayoutsDialog (GUFIQuestionDialog)

17:59:49:5949 [important] [TangoTaskManager-3] INFO  - ScriptingActivator while loop has finished
17:59:50:5950 [user_actions] [AWT-EventQueue-0] DEBUG - refreshSchematicAttributes (SchematicActionsManager$24)

17:59:52:5952 [user_actions] [AWT-EventQueue-0] DEBUG - showInstTypeDeclaration (GSLShowInstTypeDeclaration)
	source = designTopsTreeTable
	entity = alu_testbench

17:59:56:5956 [user_actions] [AWT-EventQueue-0] DEBUG - recordLogs (GSLRecordLogsAction)

17:59:56:5956 [com.cadence.smartlog.bl.common.SLUtils] [TangoTaskManager-14] INFO  - query: 
17:59:56:5956 [com.cadence.smartlog.bl.common.SLUtils] [Thread-160] INFO  - query: 
17:59:56:5956 [com.cadence.smartlog.bl.common.SLUtils] [TangoTaskManager-13] INFO  - query: 
18:00:08:08 [user_actions] [AWT-EventQueue-0] DEBUG - Waveform (GSLSendVariablesToWaveAction)
	source = designTopsTreeTable_topsSignalsTreeTable
	entities[7] = 
		alu_testbench.dut.Result[31:0]
		alu_testbench.dut.A[31:0]
		alu_testbench.dut.B[31:0]
		alu_testbench.dut.Error
		alu_testbench.dut.Opcode[2:0]
		alu_testbench.dut.clk
		alu_testbench.dut.rst

18:00:10:010 [user_actions] [AWT-EventQueue-0] DEBUG - run (GSLInteractiveRunPanel$3)

18:00:10:010 [user_actions] [AWT-EventQueue-0] DEBUG - RUN_FORWARD (GSLDebugStepAction)

18:00:10:010 [important] [Indago DAC notify callback receiver] WARN  - got the following for key values in msg_destination_files: 1
18:00:10:010 [important] [Indago DAC notify callback receiver] WARN  - Dest File: key=1 val=stdout, shortName: stdout
18:00:10:010 [com.cadence.smartlog.bl.common.SLUtils] [TangoTaskManager-3] INFO  - query: (destination_files LIKE "" )
18:00:10:010 [com.cadence.smartlog.bl.common.SLUtils] [Thread-161] INFO  - query: (destination_files LIKE "" )
18:00:10:010 [com.cadence.smartlog.bl.common.SLUtils] [TangoTaskManager-1] INFO  - query: (destination_files LIKE "" )
18:00:11:011 [com.cadence.smartlog.bl.common.SLUtils] [TangoTaskManager-5] INFO  - query: 
18:00:11:011 [com.cadence.smartlog.bl.common.SLUtils] [Thread-161] INFO  - query: 
18:00:11:011 [com.cadence.smartlog.bl.common.SLUtils] [TangoTaskManager-0] INFO  - query: 
18:00:12:012 [user_actions] [AWT-EventQueue-0] DEBUG - LiveSimulationRefreshWaveform (GSLLiveSimulationRefreshWaveformAction)

18:00:12:012 [important] [Indago DAC notify callback receiver] WARN  - got the following for key values in msg_destination_files: 1
18:00:12:012 [important] [Indago DAC notify callback receiver] WARN  - Dest File: key=1 val=stdout, shortName: stdout
18:00:12:012 [com.cadence.smartlog.bl.common.SLUtils] [Thread-159] INFO  - query: 
18:00:12:012 [com.cadence.smartlog.bl.common.SLUtils] [TangoTaskManager-8] INFO  - query: 
18:00:16:016 [user_actions] [AWT-EventQueue-0] DEBUG - Zoom In (ZoomAction)
	selected = Message 0

18:00:16:016 [user_actions] [AWT-EventQueue-0] DEBUG - Zoom In (ZoomAction)
	selected = Message 0

18:00:16:016 [user_actions] [AWT-EventQueue-0] DEBUG - Zoom In (ZoomAction)
	selected = Message 0

18:00:17:017 [user_actions] [AWT-EventQueue-0] DEBUG - Zoom In (ZoomAction)
	selected = Message 0

18:00:17:017 [user_actions] [AWT-EventQueue-0] DEBUG - Zoom In (ZoomAction)
	selected = Message 0

18:01:06:16 [user_actions] [AWT-EventQueue-0] DEBUG - Zoom In (ZoomAction)
	selected = Message 0

18:01:15:115 [user_actions] [AWT-EventQueue-0] DEBUG - Decimal (GSLApplicationRadixChangeAction)

18:01:15:115 [user_actions] [AWT-EventQueue-0] DEBUG - refreshSchematicAttributes (SchematicActionsManager$24)

18:02:20:220 [user_actions] [AWT-EventQueue-0] DEBUG - Zoom Out (ZoomAction)
	selected = Message 0

18:02:20:220 [user_actions] [AWT-EventQueue-0] DEBUG - Zoom Out (ZoomAction)
	selected = Message 0

18:02:20:220 [user_actions] [AWT-EventQueue-0] DEBUG - Zoom Out (ZoomAction)
	selected = Message 0

18:02:20:220 [user_actions] [AWT-EventQueue-0] DEBUG - Zoom Out (ZoomAction)
	selected = Message 0

18:02:20:220 [user_actions] [AWT-EventQueue-0] DEBUG - Zoom Out (ZoomAction)
	selected = Message 0

18:02:21:221 [user_actions] [AWT-EventQueue-0] DEBUG - Zoom Out (ZoomAction)
	selected = Message 0

18:02:21:221 [user_actions] [AWT-EventQueue-0] DEBUG - Zoom Out (ZoomAction)
	selected = Message 0

18:02:21:221 [user_actions] [AWT-EventQueue-0] DEBUG - Zoom Out (ZoomAction)
	selected = Message 0

18:02:21:221 [user_actions] [AWT-EventQueue-0] DEBUG - Zoom Out (ZoomAction)
	selected = Message 0

18:02:22:222 [user_actions] [AWT-EventQueue-0] DEBUG - Zoom Out (ZoomAction)
	selected = Message 0

18:02:22:222 [user_actions] [AWT-EventQueue-0] DEBUG - Zoom Out (ZoomAction)
	selected = Message 0

18:02:22:222 [user_actions] [AWT-EventQueue-0] DEBUG - Zoom Out (ZoomAction)
	selected = Message 0

18:02:23:223 [user_actions] [AWT-EventQueue-0] DEBUG - Zoom In (ZoomAction)
	selected = Message 0

18:02:23:223 [user_actions] [AWT-EventQueue-0] DEBUG - Zoom In (ZoomAction)
	selected = Message 0

18:02:24:224 [user_actions] [AWT-EventQueue-0] DEBUG - Zoom In (ZoomAction)
	selected = Message 0

18:02:24:224 [user_actions] [AWT-EventQueue-0] DEBUG - Zoom In (ZoomAction)
	selected = Message 0

18:02:25:225 [user_actions] [AWT-EventQueue-0] DEBUG - Zoom In (ZoomAction)
	selected = Message 0

18:02:25:225 [user_actions] [AWT-EventQueue-0] DEBUG - Zoom In (ZoomAction)
	selected = Message 0

18:02:25:225 [user_actions] [AWT-EventQueue-0] DEBUG - Zoom In (ZoomAction)
	selected = Message 0

18:02:25:225 [user_actions] [AWT-EventQueue-0] DEBUG - Zoom In (ZoomAction)
	selected = Message 0

18:02:26:226 [user_actions] [AWT-EventQueue-0] DEBUG - Zoom In (ZoomAction)
	selected = Message 0

18:02:26:226 [user_actions] [AWT-EventQueue-0] DEBUG - Zoom In (ZoomAction)
	selected = Message 0

18:02:26:226 [user_actions] [AWT-EventQueue-0] DEBUG - Zoom In (ZoomAction)
	selected = Message 0

18:02:27:227 [user_actions] [AWT-EventQueue-0] DEBUG - Zoom In (ZoomAction)
	selected = Message 0

18:02:27:227 [user_actions] [AWT-EventQueue-0] DEBUG - Zoom In (ZoomAction)
	selected = Message 0

18:02:27:227 [user_actions] [AWT-EventQueue-0] DEBUG - Zoom In (ZoomAction)
	selected = Message 0

18:02:28:228 [user_actions] [AWT-EventQueue-0] DEBUG - Zoom Out (ZoomAction)
	selected = Message 0

18:02:28:228 [user_actions] [AWT-EventQueue-0] DEBUG - Zoom Out (ZoomAction)
	selected = Message 0

18:02:28:228 [user_actions] [AWT-EventQueue-0] DEBUG - Zoom Out (ZoomAction)
	selected = Message 0

18:02:29:229 [user_actions] [AWT-EventQueue-0] DEBUG - Zoom Out (ZoomAction)
	selected = Message 0

18:02:29:229 [user_actions] [AWT-EventQueue-0] DEBUG - Zoom Out (ZoomAction)
	selected = Message 0

18:02:29:229 [user_actions] [AWT-EventQueue-0] DEBUG - Zoom Out (ZoomAction)
	selected = Message 0

18:02:31:231 [user_actions] [AWT-EventQueue-0] DEBUG - Zoom Out (ZoomAction)
	selected = Message 0

18:02:31:231 [user_actions] [AWT-EventQueue-0] DEBUG - Zoom Out (ZoomAction)
	selected = Message 0

18:02:32:232 [user_actions] [AWT-EventQueue-0] DEBUG - Zoom Out (ZoomAction)
	selected = Message 0

18:02:32:232 [user_actions] [AWT-EventQueue-0] DEBUG - Zoom Out (ZoomAction)
	selected = Message 0

18:02:34:234 [user_actions] [AWT-EventQueue-0] DEBUG - Zoom In (ZoomAction)
	selected = Message 0

18:02:35:235 [user_actions] [AWT-EventQueue-0] DEBUG - Zoom In (ZoomAction)
	selected = Message 0

18:02:35:235 [user_actions] [AWT-EventQueue-0] DEBUG - Zoom In (ZoomAction)
	selected = Message 0

18:02:35:235 [user_actions] [AWT-EventQueue-0] DEBUG - Zoom In (ZoomAction)
	selected = Message 0

18:02:36:236 [user_actions] [AWT-EventQueue-0] DEBUG - Zoom Out (ZoomAction)
	selected = Message 0

18:02:36:236 [user_actions] [AWT-EventQueue-0] DEBUG - Zoom Out (ZoomAction)
	selected = Message 0

18:02:36:236 [user_actions] [AWT-EventQueue-0] DEBUG - Zoom Out (ZoomAction)
	selected = Message 0

18:02:37:237 [user_actions] [AWT-EventQueue-0] DEBUG - Zoom Out (ZoomAction)
	selected = Message 0

18:02:37:237 [user_actions] [AWT-EventQueue-0] DEBUG - Zoom Out (ZoomAction)
	selected = Message 0

18:02:38:238 [user_actions] [AWT-EventQueue-0] DEBUG - Zoom In (ZoomAction)
	selected = Message 0

18:02:39:239 [user_actions] [AWT-EventQueue-0] DEBUG - Zoom In (ZoomAction)
	selected = Message 0

18:03:51:351 [user_actions] [AWT-EventQueue-0] DEBUG - openPRobedDbManager (GSLOpenProbedDBManagerAction)

18:04:41:441 [user_actions] [AWT-EventQueue-0] DEBUG - OK (GUFIQuestionDialog$1)
	dialog = confirmExitDlg (GUFIQuestionDialog)

