19:14:30:1430 [important] [FelixStartLevel] WARN  - InfoSource version is empty in getMajorMinorVersion()
19:14:30:1430 [important] [FelixStartLevel] WARN  - InfoSource version not found!! skipping relevant version checks
19:14:30:1430 [important] [FelixStartLevel] INFO  - xmsim gcc version is 9.3.0
19:14:30:1430 [important] [FelixStartLevel] INFO  - indago gcc version is 9.3.0
19:14:30:1430 [important] [TangoTaskManager-4] WARN  - An Indago Snapshot/LWD was not loaded. Scripting API functionality may be impacted.
19:14:31:1431 [com.cadence.smartlog.bl.common.SLUtils] [TangoTaskManager-5] INFO  - query: 
19:14:44:1444 [user_actions] [AWT-EventQueue-0] DEBUG - refreshSchematicAttributes (SchematicActionsManager$24)

19:14:44:1444 [user_actions] [AWT-EventQueue-0] DEBUG - LiveSimulationRefreshWaveform (GSLLiveSimulationRefreshWaveformAction)

19:14:44:1444 [user_actions] [AWT-EventQueue-0] DEBUG - LiveSimulationRefreshWaveform (GSLLiveSimulationRefreshWaveformAction)

19:14:44:1444 [user_actions] [AWT-EventQueue-0] DEBUG - LiveSimulationRefreshWaveform (GSLLiveSimulationRefreshWaveformAction)

19:15:31:1531 [important] [TangoTaskManager-4] WARN  - python scripts are waiting to start for 60 seconds guiReady=false simulatorReady=true consoleActiveSvc is not null consoleActiveSvc.consoleActive() =true
19:16:00:160 [user_actions] [AWT-EventQueue-0] DEBUG - Keep current (GUFIQuestionDialog$1)
	dialog = restoreLayoutsDialog (GUFIQuestionDialog)

19:16:01:161 [important] [TangoTaskManager-4] INFO  - ScriptingActivator while loop has finished
19:16:02:162 [user_actions] [AWT-EventQueue-0] DEBUG - refreshSchematicAttributes (SchematicActionsManager$24)

19:20:29:2029 [user_actions] [AWT-EventQueue-0] DEBUG - recordLogs (GSLRecordLogsAction)

19:20:29:2029 [com.cadence.smartlog.bl.common.SLUtils] [TangoTaskManager-3] INFO  - query: 
19:20:29:2029 [com.cadence.smartlog.bl.common.SLUtils] [Thread-173] INFO  - query: 
19:20:29:2029 [com.cadence.smartlog.bl.common.SLUtils] [TangoTaskManager-7] INFO  - query: 
19:20:54:2054 [user_actions] [AWT-EventQueue-0] DEBUG - Waveform (GSLSendVariablesToWaveAction)
	source = designTopsTreeTable_topsSignalsTreeTable
	entities[7] = 
		alu_testbench.dut.A[31:0]
		alu_testbench.dut.B[31:0]
		alu_testbench.dut.Error
		alu_testbench.dut.Opcode[2:0]
		alu_testbench.dut.Result[31:0]
		alu_testbench.dut.clk
		alu_testbench.dut.rst

19:20:57:2057 [user_actions] [AWT-EventQueue-0] DEBUG - run (GSLInteractiveRunPanel$3)

19:20:57:2057 [user_actions] [AWT-EventQueue-0] DEBUG - RUN_FORWARD (GSLDebugStepAction)

19:20:57:2057 [important] [Indago DAC notify callback receiver] WARN  - got the following for key values in msg_destination_files: 1
19:20:57:2057 [important] [Indago DAC notify callback receiver] WARN  - Dest File: key=1 val=stdout, shortName: stdout
19:20:57:2057 [com.cadence.smartlog.bl.common.SLUtils] [TangoTaskManager-4] INFO  - query: (destination_files LIKE "" )
19:20:57:2057 [com.cadence.smartlog.bl.common.SLUtils] [Thread-175] INFO  - query: (destination_files LIKE "" )
19:20:57:2057 [com.cadence.smartlog.bl.common.SLUtils] [TangoTaskManager-2] INFO  - query: (destination_files LIKE "" )
19:20:57:2057 [com.cadence.smartlog.bl.common.SLUtils] [TangoTaskManager-7] INFO  - query: 
19:20:57:2057 [com.cadence.smartlog.bl.common.SLUtils] [Thread-175] INFO  - query: 
19:20:57:2057 [com.cadence.smartlog.bl.common.SLUtils] [TangoTaskManager-5] INFO  - query: 
19:20:57:2057 [user_actions] [AWT-EventQueue-0] DEBUG - LiveSimulationRefreshWaveform (GSLLiveSimulationRefreshWaveformAction)

19:20:57:2057 [important] [Indago DAC notify callback receiver] WARN  - got the following for key values in msg_destination_files: 1
19:20:57:2057 [important] [Indago DAC notify callback receiver] WARN  - Dest File: key=1 val=stdout, shortName: stdout
19:20:57:2057 [com.cadence.smartlog.bl.common.SLUtils] [Thread-192] INFO  - query: 
19:20:57:2057 [com.cadence.smartlog.bl.common.SLUtils] [TangoTaskManager-5] INFO  - query: 
19:25:53:2553 [user_actions] [AWT-EventQueue-0] DEBUG - OK (GUFIQuestionDialog$1)
	dialog = confirmExitDlg (GUFIQuestionDialog)

