18:05:04:54 [important] [FelixStartLevel] WARN  - InfoSource version is empty in getMajorMinorVersion()
18:05:04:54 [important] [FelixStartLevel] WARN  - InfoSource version not found!! skipping relevant version checks
18:05:05:55 [important] [FelixStartLevel] INFO  - xmsim gcc version is 9.3.0
18:05:05:55 [important] [FelixStartLevel] INFO  - indago gcc version is 9.3.0
18:05:05:55 [important] [TangoTaskManager-3] WARN  - An Indago Snapshot/LWD was not loaded. Scripting API functionality may be impacted.
18:05:06:56 [com.cadence.smartlog.bl.common.SLUtils] [TangoTaskManager-5] INFO  - query: 
18:05:16:516 [user_actions] [AWT-EventQueue-0] DEBUG - refreshSchematicAttributes (SchematicActionsManager$24)

18:05:17:517 [user_actions] [AWT-EventQueue-0] DEBUG - LiveSimulationRefreshWaveform (GSLLiveSimulationRefreshWaveformAction)

18:05:17:517 [user_actions] [AWT-EventQueue-0] DEBUG - LiveSimulationRefreshWaveform (GSLLiveSimulationRefreshWaveformAction)

18:05:17:517 [user_actions] [AWT-EventQueue-0] DEBUG - LiveSimulationRefreshWaveform (GSLLiveSimulationRefreshWaveformAction)

18:05:21:521 [user_actions] [AWT-EventQueue-0] DEBUG - Keep current (GUFIQuestionDialog$1)
	dialog = restoreLayoutsDialog (GUFIQuestionDialog)

18:05:22:522 [important] [TangoTaskManager-3] INFO  - ScriptingActivator while loop has finished
18:05:23:523 [user_actions] [AWT-EventQueue-0] DEBUG - refreshSchematicAttributes (SchematicActionsManager$24)

18:05:28:528 [user_actions] [AWT-EventQueue-0] DEBUG - showInstTypeDeclaration (GSLShowInstTypeDeclaration)
	source = designTopsTreeTable
	entity = alu_testbench

18:05:30:530 [user_actions] [AWT-EventQueue-0] DEBUG - showInstTypeDeclaration (GSLShowInstTypeDeclaration)
	source = designTopsTreeTable
	entity = alu_testbench

18:05:31:531 [com.cadence.ufi.gui.widgets.table.GUFIBaseEntityTreeTable] [AWT-EventQueue-0] ERROR - ASSERTION 'node' cannot be NULL at GUFIBaseEntityTreeTable.doDoubleClickOperation()
18:05:34:534 [com.cadence.ufi.gui.widgets.table.GUFIBaseEntityTreeTable] [AWT-EventQueue-0] ERROR - ASSERTION 'node' cannot be NULL at GUFIBaseEntityTreeTable.doDoubleClickOperation()
18:06:05:65 [user_actions] [AWT-EventQueue-0] DEBUG - Waveform (GSLSendVariablesToWaveAction)
	source = designTopsTreeTable_topsSignalsTreeTable
	entity = alu_testbench.dut.A[31:0]

18:06:12:612 [user_actions] [AWT-EventQueue-0] DEBUG - Waveform (GSLSendVariablesToWaveAction)
	source = designTopsTreeTable_topsSignalsTreeTable
	entity = alu_testbench.dut.B[31:0]

18:06:16:616 [user_actions] [AWT-EventQueue-0] DEBUG - Waveform (GSLSendVariablesToWaveAction)
	source = designTopsTreeTable_topsSignalsTreeTable
	entity = alu_testbench.dut.Opcode[2:0]

18:06:20:620 [user_actions] [AWT-EventQueue-0] DEBUG - Waveform (GSLSendVariablesToWaveAction)
	source = designTopsTreeTable_topsSignalsTreeTable
	entity = alu_testbench.dut.Result[31:0]

18:06:24:624 [user_actions] [AWT-EventQueue-0] DEBUG - run (GSLInteractiveRunPanel$3)

18:06:24:624 [user_actions] [AWT-EventQueue-0] DEBUG - RUN_FORWARD (GSLDebugStepAction)

18:06:24:624 [user_actions] [AWT-EventQueue-0] DEBUG - LiveSimulationRefreshWaveform (GSLLiveSimulationRefreshWaveformAction)

18:06:40:640 [user_actions] [AWT-EventQueue-0] DEBUG - Zoom In (ZoomAction)
	selected = alu_testbench.dut.Result[31:0]

18:06:40:640 [user_actions] [AWT-EventQueue-0] DEBUG - Zoom In (ZoomAction)
	selected = alu_testbench.dut.Result[31:0]

18:06:40:640 [user_actions] [AWT-EventQueue-0] DEBUG - Zoom In (ZoomAction)
	selected = alu_testbench.dut.Result[31:0]

18:06:41:641 [user_actions] [AWT-EventQueue-0] DEBUG - Zoom In (ZoomAction)
	selected = alu_testbench.dut.Result[31:0]

18:06:41:641 [user_actions] [AWT-EventQueue-0] DEBUG - Zoom In (ZoomAction)
	selected = alu_testbench.dut.Result[31:0]

18:06:41:641 [user_actions] [AWT-EventQueue-0] DEBUG - Zoom In (ZoomAction)
	selected = alu_testbench.dut.Result[31:0]

18:06:42:642 [user_actions] [AWT-EventQueue-0] DEBUG - Zoom In (ZoomAction)
	selected = alu_testbench.dut.Result[31:0]

18:06:57:657 [user_actions] [AWT-EventQueue-0] DEBUG - Binary (GSLApplicationRadixChangeAction)

18:06:57:657 [user_actions] [AWT-EventQueue-0] DEBUG - refreshSchematicAttributes (SchematicActionsManager$24)

18:07:10:710 [user_actions] [AWT-EventQueue-0] DEBUG - Decimal (GSLApplicationRadixChangeAction)

18:07:10:710 [user_actions] [AWT-EventQueue-0] DEBUG - refreshSchematicAttributes (SchematicActionsManager$24)

18:14:56:1456 [user_actions] [AWT-EventQueue-0] DEBUG - OK (GUFIQuestionDialog$1)
	dialog = confirmExitDlg (GUFIQuestionDialog)

